[ 2023-06-30 17:41:26,831 ] 30 root - INFO - Data Ingestion Method Started
[ 2023-06-30 17:41:27,150 ] 34 root - INFO - Dataset read as pandas dataframe
[ 2023-06-30 17:41:27,982 ] 39 root - INFO - Train and Test Split
[ 2023-06-30 17:41:28,841 ] 68 root - INFO - Read train set and test set is started
[ 2023-06-30 17:41:29,164 ] 73 root - INFO - Replacing null values
[ 2023-06-30 17:41:29,177 ] 76 root - INFO - Succesfully Null values replaced
[ 2023-06-30 17:41:29,177 ] 78 root - INFO - Mapping into numerical values for dependent columns
[ 2023-06-30 17:41:29,180 ] 85 root - INFO - Read train set and test set is completed
[ 2023-06-30 17:41:29,196 ] 87 root - INFO - Train Dataframe Head: 
   Unnamed: 0  Gender   Customer Type  Age   Type of Travel     Class  Flight Distance  Inflight wifi service  Departure/Arrival time convenient  Ease of Online booking  Gate location  Food and drink  Online boarding  Seat comfort  Inflight entertainment  On-board service  Leg room service  Baggage handling  Checkin service  Inflight service  Cleanliness  Departure Delay in Minutes  Arrival Delay in Minutes  satisfaction
0       18386    Male  Loyal Customer   31  Personal Travel       Eco              259                      2                                  5                       2              5               3                2             3                       3                 5                 5                 4                3                 5            3                           0                       0.0             0
1       11709  Female  Loyal Customer   18  Personal Travel       Eco             1565                      2                                  2                       2              3               2                2             2                       2                 3                 5                 4                3                 3            2                           0                       6.0             0
2       68138  Female  Loyal Customer   47  Business travel       Eco              237                      4                                  2                       2              2               2                3             4                       4                 4                 4                 4                1                 4            4                          13                      11.0             0
3       78244    Male  Loyal Customer   33  Personal Travel  Eco Plus              125                      1                                  1                       1              1               4                1             4                       4                 1                 1                 1                3                 1            4                          23                      42.0             0
4       34472    Male  Loyal Customer   10  Personal Travel       Eco              894                      4                                  1                       4              4               2                4             2                       2                 1                 2                 3                3                 3            2                           0                      13.0             0
[ 2023-06-30 17:41:29,196 ] 88 root - INFO - Test Dataframe Head: 
   Unnamed: 0  Gender   Customer Type  Age   Type of Travel     Class  Flight Distance  Inflight wifi service  Departure/Arrival time convenient  Ease of Online booking  Gate location  Food and drink  Online boarding  Seat comfort  Inflight entertainment  On-board service  Leg room service  Baggage handling  Checkin service  Inflight service  Cleanliness  Departure Delay in Minutes  Arrival Delay in Minutes  satisfaction
0      103044    Male  Loyal Customer   66  Personal Travel       Eco             1678                      3                                  2                       3              2               4                3             4                       4                 4                 3                 2                3                 2            4                           0                       0.0             0
1       43282  Female  Loyal Customer   38  Business travel  Business              954                      2                                  2                       2              2               2                3             1                       4                 4                 4                 4                2                 4            4                           3                       0.0             1
2       65543  Female  Loyal Customer   38  Business travel       Eco              189                      2                                  1                       1              1               2                2             2                       2                 1                 2                 4                1                 4            2                           0                       0.0             0
3       65083  Female  Loyal Customer   32  Personal Travel       Eco              175                      2                                  5                       2              1               1                2             1                       1                 3                 5                 4                5                 4            1                           0                       0.0             0
4       76496    Male  Loyal Customer   33  Business travel  Business             1990                      5                                  5                       5              5               4                4             4                       4                 4                 1                 5                5                 1            4                           0                       0.0             1
[ 2023-06-30 17:41:29,196 ] 90 root - INFO - Obtaining preprocessing object
[ 2023-06-30 17:41:29,196 ] 29 root - INFO - Data Transformation Initiated
[ 2023-06-30 17:41:29,196 ] 58 root - INFO - pipeline completed
[ 2023-06-30 17:41:29,196 ] 94 root - INFO - Splitting the dataset into training set and test set
[ 2023-06-30 17:41:29,475 ] 110 root - INFO - Applying preprocessing object on training and testing datasets.
[ 2023-06-30 17:41:29,491 ] 124 root - INFO - Preprocessor pickle file saved
[ 2023-06-30 17:41:29,497 ] 35 root - INFO - Splitting dependent and independent variables from train and test data
[ 2023-06-30 17:41:29,497 ] 43 root - INFO - Successfully dependent and independent splitted in training and testset
[ 2023-06-30 17:41:29,497 ] 45 root - INFO - Ready to do model
[ 2023-06-30 17:41:29,497 ] 59 root - INFO - Successfully Model was fitted
[ 2023-06-30 17:41:29,497 ] 61 root - INFO - Evaluation Model
[ 2023-06-30 17:45:49,388 ] 66 root - INFO - Model Report : {'Logistic Regression': 0.8746278616158505, 'Decision Tree': 0.946181090237142, 'Random Forest': 0.9618109023714198, 'Naive Bayes': 0.8637716866851453, 'Gradient Boosting': 0.9415871060466071, 'AdaBoost Classifier': 0.926136946925367, 'K-Neighbors Classifier': 0.9268555589775177, 'Support Vector Classifier': 0.9520583102350888}
[ 2023-06-30 17:45:49,391 ] 77 root - INFO - Best Model Found , Model Name : Random Forest , Accuracy Score : 0.9618109023714198
