[ 2023-07-01 18:08:19,322 ] 30 root - INFO - Data Ingestion Method Started
[ 2023-07-01 18:08:19,649 ] 34 root - INFO - Dataset read as pandas dataframe
[ 2023-07-01 18:08:20,314 ] 39 root - INFO - Train and Test Split
[ 2023-07-01 18:08:21,047 ] 68 root - INFO - Read train set and test set is started
[ 2023-07-01 18:08:21,346 ] 73 root - INFO - Replacing null values
[ 2023-07-01 18:08:21,346 ] 76 root - INFO - Succesfully Null values replaced
[ 2023-07-01 18:08:21,346 ] 78 root - INFO - Dropping Unnamed Column
[ 2023-07-01 18:08:21,363 ] 81 root - INFO - Succesfully Unnamed column dropped
[ 2023-07-01 18:08:21,363 ] 83 root - INFO - Mapping into numerical values for dependent columns
[ 2023-07-01 18:08:21,371 ] 90 root - INFO - Read train set and test set is completed
[ 2023-07-01 18:08:21,379 ] 92 root - INFO - Train Dataframe Head: 
   Gender   Customer Type  Age   Type of Travel     Class  Flight Distance  Inflight wifi service  Departure/Arrival time convenient  Ease of Online booking  Gate location  Food and drink  Online boarding  Seat comfort  Inflight entertainment  On-board service  Leg room service  Baggage handling  Checkin service  Inflight service  Cleanliness  Departure Delay in Minutes  Arrival Delay in Minutes  satisfaction
0    Male  Loyal Customer   31  Personal Travel       Eco              259                      2                                  5                       2              5               3                2             3                       3                 5                 5                 4                3                 5            3                           0                       0.0             0
1  Female  Loyal Customer   18  Personal Travel       Eco             1565                      2                                  2                       2              3               2                2             2                       2                 3                 5                 4                3                 3            2                           0                       6.0             0
2  Female  Loyal Customer   47  Business travel       Eco              237                      4                                  2                       2              2               2                3             4                       4                 4                 4                 4                1                 4            4                          13                      11.0             0
3    Male  Loyal Customer   33  Personal Travel  Eco Plus              125                      1                                  1                       1              1               4                1             4                       4                 1                 1                 1                3                 1            4                          23                      42.0             0
4    Male  Loyal Customer   10  Personal Travel       Eco              894                      4                                  1                       4              4               2                4             2                       2                 1                 2                 3                3                 3            2                           0                      13.0             0
[ 2023-07-01 18:08:21,387 ] 93 root - INFO - Test Dataframe Head: 
   Gender   Customer Type  Age   Type of Travel     Class  Flight Distance  Inflight wifi service  Departure/Arrival time convenient  Ease of Online booking  Gate location  Food and drink  Online boarding  Seat comfort  Inflight entertainment  On-board service  Leg room service  Baggage handling  Checkin service  Inflight service  Cleanliness  Departure Delay in Minutes  Arrival Delay in Minutes  satisfaction
0    Male  Loyal Customer   66  Personal Travel       Eco             1678                      3                                  2                       3              2               4                3             4                       4                 4                 3                 2                3                 2            4                           0                       0.0             0
1  Female  Loyal Customer   38  Business travel  Business              954                      2                                  2                       2              2               2                3             1                       4                 4                 4                 4                2                 4            4                           3                       0.0             1
2  Female  Loyal Customer   38  Business travel       Eco              189                      2                                  1                       1              1               2                2             2                       2                 1                 2                 4                1                 4            2                           0                       0.0             0
3  Female  Loyal Customer   32  Personal Travel       Eco              175                      2                                  5                       2              1               1                2             1                       1                 3                 5                 4                5                 4            1                           0                       0.0             0
4    Male  Loyal Customer   33  Business travel  Business             1990                      5                                  5                       5              5               4                4             4                       4                 4                 1                 5                5                 1            4                           0                       0.0             1
[ 2023-07-01 18:08:21,387 ] 95 root - INFO - Obtaining preprocessing object
[ 2023-07-01 18:08:21,387 ] 29 root - INFO - Data Transformation Initiated
[ 2023-07-01 18:08:21,387 ] 58 root - INFO - pipeline completed
[ 2023-07-01 18:08:21,387 ] 99 root - INFO - Splitting the dataset into training set and test set
[ 2023-07-01 18:08:21,649 ] 115 root - INFO - Applying preprocessing object on training and testing datasets.
[ 2023-07-01 18:08:21,665 ] 129 root - INFO - Preprocessor pickle file saved
[ 2023-07-01 18:08:21,673 ] 35 root - INFO - Splitting dependent and independent variables from train and test data
[ 2023-07-01 18:08:21,673 ] 43 root - INFO - Successfully dependent and independent splitted in training and testset
[ 2023-07-01 18:08:21,673 ] 45 root - INFO - Ready to do model
[ 2023-07-01 18:08:21,673 ] 59 root - INFO - Successfully Model was fitted
[ 2023-07-01 18:08:21,673 ] 61 root - INFO - Evaluation Model
[ 2023-07-01 18:11:48,278 ] 66 root - INFO - Model Report : {'Logistic Regression': 0.8746278616158505, 'Decision Tree': 0.9463607432501796, 'Random Forest': 0.9623755261266811, 'Naive Bayes': 0.8637716866851453, 'Gradient Boosting': 0.9415871060466071, 'AdaBoost Classifier': 0.926136946925367, 'K-Neighbors Classifier': 0.9268555589775177, 'Support Vector Classifier': 0.9520583102350888}
[ 2023-07-01 18:11:48,278 ] 77 root - INFO - Best Model Found , Model Name : Random Forest , Accuracy Score : 0.9623755261266811