[ 2023-06-30 16:52:20,024 ] 30 root - INFO - Data Ingestion Method Started
[ 2023-06-30 16:52:20,300 ] 34 root - INFO - Dataset read as pandas dataframe
[ 2023-06-30 16:52:21,006 ] 39 root - INFO - Train and Test Split
[ 2023-06-30 16:52:21,876 ] 68 root - INFO - Read train set and test set is started
[ 2023-06-30 16:52:22,161 ] 73 root - INFO - Mapping into numerical values for dependent columns
[ 2023-06-30 16:52:22,169 ] 80 root - INFO - Read train set and test set is completed
[ 2023-06-30 16:52:22,177 ] 82 root - INFO - Train Dataframe Head: 
   Unnamed: 0  Gender   Customer Type  Age   Type of Travel     Class  Flight Distance  Inflight wifi service  Departure/Arrival time convenient  Ease of Online booking  Gate location  Food and drink  Online boarding  Seat comfort  Inflight entertainment  On-board service  Leg room service  Baggage handling  Checkin service  Inflight service  Cleanliness  Departure Delay in Minutes  Arrival Delay in Minutes  satisfaction
0       18386    Male  Loyal Customer   31  Personal Travel       Eco              259                      2                                  5                       2              5               3                2             3                       3                 5                 5                 4                3                 5            3                           0                       0.0             0
1       11709  Female  Loyal Customer   18  Personal Travel       Eco             1565                      2                                  2                       2              3               2                2             2                       2                 3                 5                 4                3                 3            2                           0                       6.0             0
2       68138  Female  Loyal Customer   47  Business travel       Eco              237                      4                                  2                       2              2               2                3             4                       4                 4                 4                 4                1                 4            4                          13                      11.0             0
3       78244    Male  Loyal Customer   33  Personal Travel  Eco Plus              125                      1                                  1                       1              1               4                1             4                       4                 1                 1                 1                3                 1            4                          23                      42.0             0
4       34472    Male  Loyal Customer   10  Personal Travel       Eco              894                      4                                  1                       4              4               2                4             2                       2                 1                 2                 3                3                 3            2                           0                      13.0             0
[ 2023-06-30 16:52:22,186 ] 83 root - INFO - Test Dataframe Head: 
   Unnamed: 0  Gender   Customer Type  Age   Type of Travel     Class  Flight Distance  Inflight wifi service  Departure/Arrival time convenient  Ease of Online booking  Gate location  Food and drink  Online boarding  Seat comfort  Inflight entertainment  On-board service  Leg room service  Baggage handling  Checkin service  Inflight service  Cleanliness  Departure Delay in Minutes  Arrival Delay in Minutes  satisfaction
0      103044    Male  Loyal Customer   66  Personal Travel       Eco             1678                      3                                  2                       3              2               4                3             4                       4                 4                 3                 2                3                 2            4                           0                       0.0             0
1       43282  Female  Loyal Customer   38  Business travel  Business              954                      2                                  2                       2              2               2                3             1                       4                 4                 4                 4                2                 4            4                           3                       0.0             1
2       65543  Female  Loyal Customer   38  Business travel       Eco              189                      2                                  1                       1              1               2                2             2                       2                 1                 2                 4                1                 4            2                           0                       0.0             0
3       65083  Female  Loyal Customer   32  Personal Travel       Eco              175                      2                                  5                       2              1               1                2             1                       1                 3                 5                 4                5                 4            1                           0                       0.0             0
4       76496    Male  Loyal Customer   33  Business travel  Business             1990                      5                                  5                       5              5               4                4             4                       4                 4                 1                 5                5                 1            4                           0                       0.0             1
[ 2023-06-30 16:52:22,186 ] 85 root - INFO - Obtaining preprocessing object
[ 2023-06-30 16:52:22,186 ] 29 root - INFO - Data Transformation Initiated
[ 2023-06-30 16:52:22,186 ] 58 root - INFO - pipeline completed
[ 2023-06-30 16:52:22,186 ] 89 root - INFO - Splitting the dataset into training set and test set
[ 2023-06-30 16:52:22,439 ] 105 root - INFO - Applying preprocessing object on training and testing datasets.
[ 2023-06-30 16:52:22,454 ] 119 root - INFO - Preprocessor pickle file saved
